<ERROR_BLOCK>
excepInfo: select * from iwebshop_quick_naviga  where admin_id =  and is_del = 0    limit 5000
 -- You have an error in your SQL syntax; check the manual that corresponds to your MySQL server version for the right syntax to use near 'and is_del = 0    limit 5000' at line 1
excepFile: IWEB_PATH/lib/db/db_class.php
excepLine: 119
excepCode: 1000
excepTime: 2016-09-22 18:51:43
#0 IWEB_PATH/lib/core/query_class.php(161): IDB->query(select * from iwebshop_quick_naviga  where admin_id =  and is_del = 0    limit 5000)
#1 IWEB_PATH/runtime/views/sysdefault/system/default.php(39): IQuery->find()
#2 IWEB_PATH/lib/web/controller/controllerbase_class.php(115): require(IWEB_PATH/runtime/views/sysdefault/system/default.php)
#3 IWEB_PATH/lib/web/controller/controllerbase_class.php(81): IControllerBase->requireFile(IWEB_PATH/runtime/views/sysdefault/system/default.php)
#4 IWEB_PATH/lib/web/controller/controller_class.php(166): IControllerBase->renderView(IWEB_PATH/views/sysdefault/system/default)
#5 IWEB_PATH/lib/web/action/view_action.php(32): IController->render(IWEB_PATH/views/sysdefault/system/default)
#6 IWEB_PATH/lib/web/controller/controller_class.php(115): IViewAction->run()
#7 IWEB_PATH/lib/core/webapplication_class.php(75): IController->run(default)
#8 IWEB_PATH/lib/core/application_class.php(94): IWebApplication->execRequest()
#9 IWEB_PATH/index.php(5): IApplication->run()
</ERROR_BLOCK>

<ERROR_BLOCK>
excepInfo: INSERT INTO iwebshop_goods ( `img`,`name`,`link`,`search_words`,`is_del`,`model_id`,`brand_id`,`content`,`keywords`,`description`,`up_time`,`down_time`,`spec_array`,`goods_no`,`store_nums`,`market_price`,`sell_price`,`cost_price`,`weight`,`create_time` ) VALUES ( 'upload/2016/09/22/20160922194546516.jpg','a','a','a','0','0','0','','','','2016-09-22 19:46:02','','','SD147454469996','100','3','0','0','0','2016-09-22 19:46:02' ) 
 -- Unknown column 'link' in 'field list'
excepFile: IWEB_PATH/lib/db/db_class.php
excepLine: 152
excepCode: 1000
excepTime: 2016-09-22 19:46:02
#0 IWEB_PATH/lib/web/model/model_class.php(125): IDB->query(INSERT INTO iwebshop_goods ( `img`,`name`,`link`,`search_words`,`is_del`,`model_id`,`brand_id`,`content`,`keywords`,`description`,`up_time`,`down_time`,`spec_array`,`goods_no`,`store_nums`,`market_price`,`sell_price`,`cost_price`,`weight`,`create_time` ) VALUES ( 'upload/2016/09/22/20160922194546516.jpg','a','a','a','0','0','0','','','','2016-09-22 19:46:02','','','SD147454469996','100','3','0','0','0','2016-09-22 19:46:02' ) )
#1 IWEB_PATH/classes/goods_class.php(173): IModel->add()
#2 IWEB_PATH/controllers/goods.php(246): goods_class->update(0)
#3 IWEB_PATH/lib/web/action/inline_action.php(24): Goods->goods_update()
#4 IWEB_PATH/lib/web/controller/controller_class.php(115): IInlineAction->run()
#5 IWEB_PATH/lib/core/webapplication_class.php(75): IController->run(goods_update)
#6 IWEB_PATH/lib/core/application_class.php(94): IWebApplication->execRequest()
#7 IWEB_PATH/index.php(5): IApplication->run()
</ERROR_BLOCK>

<ERROR_BLOCK>
excepInfo: INSERT INTO iwebshop_goods ( `img`,`name`,`link`,`search_words`,`is_del`,`model_id`,`brand_id`,`content`,`keywords`,`description`,`up_time`,`down_time`,`spec_array`,`goods_no`,`store_nums`,`market_price`,`sell_price`,`cost_price`,`weight`,`create_time` ) VALUES ( 'upload/2016/09/22/20160922194546516.jpg','shit2','shit2','shit2','0','0','0','','','','2016-09-22 20:17:18','','','SD147454660574','100','2','0','0','0','2016-09-22 20:17:18' ) 
 -- Unknown column 'link' in 'field list'
excepFile: IWEB_PATH/lib/db/db_class.php
excepLine: 152
excepCode: 1000
excepTime: 2016-09-22 20:17:18
#0 IWEB_PATH/lib/web/model/model_class.php(125): IDB->query(INSERT INTO iwebshop_goods ( `img`,`name`,`link`,`search_words`,`is_del`,`model_id`,`brand_id`,`content`,`keywords`,`description`,`up_time`,`down_time`,`spec_array`,`goods_no`,`store_nums`,`market_price`,`sell_price`,`cost_price`,`weight`,`create_time` ) VALUES ( 'upload/2016/09/22/20160922194546516.jpg','shit2','shit2','shit2','0','0','0','','','','2016-09-22 20:17:18','','','SD147454660574','100','2','0','0','0','2016-09-22 20:17:18' ) )
#1 IWEB_PATH/classes/goods_class.php(173): IModel->add()
#2 IWEB_PATH/controllers/goods.php(246): goods_class->update(0)
#3 IWEB_PATH/lib/web/action/inline_action.php(24): Goods->goods_update()
#4 IWEB_PATH/lib/web/controller/controller_class.php(115): IInlineAction->run()
#5 IWEB_PATH/lib/core/webapplication_class.php(75): IController->run(goods_update)
#6 IWEB_PATH/lib/core/application_class.php(94): IWebApplication->execRequest()
#7 IWEB_PATH/index.php(5): IApplication->run()
</ERROR_BLOCK>

<ERROR_BLOCK>
excepInfo: select * from iwebshop_quick_naviga  where admin_id =  and is_del = 0    limit 5000
 -- You have an error in your SQL syntax; check the manual that corresponds to your MySQL server version for the right syntax to use near 'and is_del = 0    limit 5000' at line 1
excepFile: IWEB_PATH/lib/db/db_class.php
excepLine: 119
excepCode: 1000
excepTime: 2016-09-22 21:03:02
#0 IWEB_PATH/lib/core/query_class.php(161): IDB->query(select * from iwebshop_quick_naviga  where admin_id =  and is_del = 0    limit 5000)
#1 IWEB_PATH/runtime/views/sysdefault/system/default.php(39): IQuery->find()
#2 IWEB_PATH/lib/web/controller/controllerbase_class.php(115): require(IWEB_PATH/runtime/views/sysdefault/system/default.php)
#3 IWEB_PATH/lib/web/controller/controllerbase_class.php(81): IControllerBase->requireFile(IWEB_PATH/runtime/views/sysdefault/system/default.php)
#4 IWEB_PATH/lib/web/controller/controller_class.php(166): IControllerBase->renderView(IWEB_PATH/views/sysdefault/system/default)
#5 IWEB_PATH/lib/web/action/view_action.php(32): IController->render(IWEB_PATH/views/sysdefault/system/default)
#6 IWEB_PATH/lib/web/controller/controller_class.php(115): IViewAction->run()
#7 IWEB_PATH/lib/core/webapplication_class.php(75): IController->run(default)
#8 IWEB_PATH/lib/core/application_class.php(94): IWebApplication->execRequest()
#9 IWEB_PATH/index.php(5): IApplication->run()
</ERROR_BLOCK>

