<ERROR_BLOCK>
excepInfo: select * from iwebshop_quick_naviga  where admin_id =  and is_del = 0    limit 5000
 -- You have an error in your SQL syntax; check the manual that corresponds to your MySQL server version for the right syntax to use near 'and is_del = 0    limit 5000' at line 1
excepFile: IWEB_PATH/lib/db/db_class.php
excepLine: 119
excepCode: 1000
excepTime: 2016-09-07 20:31:22
#0 IWEB_PATH/lib/core/query_class.php(161): IDB->query(select * from iwebshop_quick_naviga  where admin_id =  and is_del = 0    limit 5000)
#1 IWEB_PATH/runtime/views/sysdefault/goods/goods_list.php(40): IQuery->find()
#2 IWEB_PATH/lib/web/controller/controllerbase_class.php(115): require(IWEB_PATH/runtime/views/sysdefault/goods/goods_list.php)
#3 IWEB_PATH/lib/web/controller/controllerbase_class.php(81): IControllerBase->requireFile(IWEB_PATH/runtime/views/sysdefault/goods/goods_list.php)
#4 IWEB_PATH/lib/web/controller/controller_class.php(166): IControllerBase->renderView(IWEB_PATH/views/sysdefault/goods/goods_list)
#5 IWEB_PATH/lib/web/action/view_action.php(32): IController->render(IWEB_PATH/views/sysdefault/goods/goods_list)
#6 IWEB_PATH/lib/web/controller/controller_class.php(367): IViewAction->run()
#7 IWEB_PATH/controllers/goods.php(386): IController->redirect(goods_list)
#8 IWEB_PATH/lib/web/action/inline_action.php(24): Goods->goods_list()
#9 IWEB_PATH/lib/web/controller/controller_class.php(115): IInlineAction->run()
#10 IWEB_PATH/lib/core/webapplication_class.php(75): IController->run(goods_list)
#11 IWEB_PATH/lib/core/application_class.php(94): IWebApplication->execRequest()
#12 IWEB_PATH/index.php(5): IApplication->run()
</ERROR_BLOCK>

