<ERROR_BLOCK>
excepInfo: syntax error, unexpected '{', expecting '('
excepFile: C:\httpd-2.4.23-x64-vc14\Apache24\htdocs\iwebshop\views\anju\config.php
excepLine: 10
excepCode: 0
excepTime: 2016-10-12 21:03:40
#0 IWEB_PATH/lib/core/interceptor_class.php(114): layoutroute::onCreateView()
#1 IWEB_PATH/lib/web/action/view_action.php(27): IInterceptor::run(onCreateView)
#2 IWEB_PATH/lib/web/controller/controller_class.php(115): IViewAction->run()
#3 IWEB_PATH/lib/core/webapplication_class.php(75): IController->run(reg)
#4 IWEB_PATH/lib/core/application_class.php(94): IWebApplication->execRequest()
#5 IWEB_PATH/index.php(5): IApplication->run()
</ERROR_BLOCK>

<ERROR_BLOCK>
excepInfo: syntax error, unexpected '{', expecting '('
excepFile: C:\httpd-2.4.23-x64-vc14\Apache24\htdocs\iwebshop\views\anju\config.php
excepLine: 10
excepCode: 0
excepTime: 2016-10-12 21:04:02
#0 IWEB_PATH/lib/core/interceptor_class.php(114): layoutroute::onCreateView()
#1 IWEB_PATH/lib/web/action/view_action.php(27): IInterceptor::run(onCreateView)
#2 IWEB_PATH/lib/web/controller/controller_class.php(115): IViewAction->run()
#3 IWEB_PATH/lib/core/webapplication_class.php(75): IController->run(reg)
#4 IWEB_PATH/lib/core/application_class.php(94): IWebApplication->execRequest()
#5 IWEB_PATH/index.php(5): IApplication->run()
</ERROR_BLOCK>

<ERROR_BLOCK>
excepInfo: syntax error, unexpected '{', expecting '('
excepFile: C:\httpd-2.4.23-x64-vc14\Apache24\htdocs\iwebshop\views\anju\config.php
excepLine: 10
excepCode: 0
excepTime: 2016-10-12 21:04:03
#0 IWEB_PATH/lib/core/interceptor_class.php(114): layoutroute::onCreateView()
#1 IWEB_PATH/lib/web/action/view_action.php(27): IInterceptor::run(onCreateView)
#2 IWEB_PATH/lib/web/controller/controller_class.php(115): IViewAction->run()
#3 IWEB_PATH/lib/core/webapplication_class.php(75): IController->run(reg)
#4 IWEB_PATH/lib/core/application_class.php(94): IWebApplication->execRequest()
#5 IWEB_PATH/index.php(5): IApplication->run()
</ERROR_BLOCK>

<ERROR_BLOCK>
excepInfo: Call to a member function find() on null
excepFile: C:\httpd-2.4.23-x64-vc14\Apache24\htdocs\iwebshop\runtime\views\anju\site\products.php
excepLine: 250
excepCode: 0
excepTime: 2016-10-12 21:28:13
#0 IWEB_PATH/lib/web/controller/controllerbase_class.php(115): require
#1 IWEB_PATH/lib/web/controller/controllerbase_class.php(81): IControllerBase->requireFile(IWEB_PATH/runtime/views/anju/site/products.php)
#2 IWEB_PATH/lib/web/controller/controller_class.php(166): IControllerBase->renderView(IWEB_PATH/views/anju/site/products)
#3 IWEB_PATH/lib/web/action/view_action.php(32): IController->render(IWEB_PATH/views/anju/site/products)
#4 IWEB_PATH/lib/web/controller/controller_class.php(367): IViewAction->run()
#5 IWEB_PATH/controllers/site.php(444): IController->redirect(products)
#6 IWEB_PATH/lib/web/action/inline_action.php(24): Site->products()
#7 IWEB_PATH/lib/web/controller/controller_class.php(115): IInlineAction->run()
#8 IWEB_PATH/lib/core/webapplication_class.php(75): IController->run(products)
#9 IWEB_PATH/lib/core/application_class.php(94): IWebApplication->execRequest()
#10 IWEB_PATH/index.php(5): IApplication->run()
</ERROR_BLOCK>

<ERROR_BLOCK>
excepInfo: syntax error, unexpected end of file
excepFile: C:\httpd-2.4.23-x64-vc14\Apache24\htdocs\iwebshop\runtime\views\anju\simple\reg.php
excepLine: 337
excepCode: 0
excepTime: 2016-10-12 21:43:21
#0 IWEB_PATH/lib/web/controller/controllerbase_class.php(81): IControllerBase->requireFile(IWEB_PATH/runtime/views/anju/simple/reg.php)
#1 IWEB_PATH/lib/web/controller/controller_class.php(166): IControllerBase->renderView(IWEB_PATH/views/anju/simple/reg)
#2 IWEB_PATH/lib/web/action/view_action.php(32): IController->render(IWEB_PATH/views/anju/simple/reg)
#3 IWEB_PATH/lib/web/controller/controller_class.php(115): IViewAction->run()
#4 IWEB_PATH/lib/core/webapplication_class.php(75): IController->run(reg)
#5 IWEB_PATH/lib/core/application_class.php(94): IWebApplication->execRequest()
#6 IWEB_PATH/index.php(5): IApplication->run()
</ERROR_BLOCK>

<ERROR_BLOCK>
excepInfo: syntax error, unexpected end of file
excepFile: C:\httpd-2.4.23-x64-vc14\Apache24\htdocs\iwebshop\runtime\views\anju\simple\reg.php
excepLine: 337
excepCode: 0
excepTime: 2016-10-12 21:48:23
#0 IWEB_PATH/lib/web/controller/controllerbase_class.php(81): IControllerBase->requireFile(IWEB_PATH/runtime/views/anju/simple/reg.php)
#1 IWEB_PATH/lib/web/controller/controller_class.php(166): IControllerBase->renderView(IWEB_PATH/views/anju/simple/reg)
#2 IWEB_PATH/lib/web/action/view_action.php(32): IController->render(IWEB_PATH/views/anju/simple/reg)
#3 IWEB_PATH/lib/web/controller/controller_class.php(115): IViewAction->run()
#4 IWEB_PATH/lib/core/webapplication_class.php(75): IController->run(reg)
#5 IWEB_PATH/lib/core/application_class.php(94): IWebApplication->execRequest()
#6 IWEB_PATH/index.php(5): IApplication->run()
</ERROR_BLOCK>

